Using pre-set license
Built from '2020.3/release' branch; Version is '2020.3.27f1 (e759542391ea) revision 15161684'; Using compiler version '192528614'; Build Type 'Release'
OS: 'Windows 10  (10.0.19043) 64bit CoreSingleLanguage' Language: 'es' Physical Memory: 7065 MB
BatchMode: 1, IsHumanControllingUs: 0, StartBugReporterOnCrash: 0, Is64bit: 1, IsPro: 0

COMMAND LINE ARGUMENTS:
C:\Program Files\Unity\Hub\Editor\2020.3.27f1\Editor\Unity.exe
-adb2
-batchMode
-noUpm
-name
AssetImportWorker1
-projectPath
C:/Users/Lenovo/Documents/Repositorio/Hokage-sLegend
-logFile
Logs/AssetImportWorker1.log
-srvPort
60122
Successfully changed project path to: C:/Users/Lenovo/Documents/Repositorio/Hokage-sLegend
C:/Users/Lenovo/Documents/Repositorio/Hokage-sLegend
Using Asset Import Pipeline V2.
Refreshing native plugins compatible for Editor in 130.53 ms, found 3 plugins.
Preloading 0 native plugins for Editor in 0.00 ms.
Initialize engine version: 2020.3.27f1 (e759542391ea)
[Subsystems] Discovering subsystems at path C:/Program Files/Unity/Hub/Editor/2020.3.27f1/Editor/Data/Resources/UnitySubsystems
[Subsystems] Discovering subsystems at path C:/Users/Lenovo/Documents/Repositorio/Hokage-sLegend/Assets
GfxDevice: creating device client; threaded=0
Direct3D:
    Version:  Direct3D 11.0 [level 11.1]
    Renderer: AMD Radeon(TM) Vega 8 Graphics (ID=0x15dd)
    Vendor:   
    VRAM:     3532 MB
    Driver:   27.20.22025.1006
Initialize mono
Mono path[0] = 'C:/Program Files/Unity/Hub/Editor/2020.3.27f1/Editor/Data/Managed'
Mono path[1] = 'C:/Program Files/Unity/Hub/Editor/2020.3.27f1/Editor/Data/MonoBleedingEdge/lib/mono/unityjit'
Mono config path = 'C:/Program Files/Unity/Hub/Editor/2020.3.27f1/Editor/Data/MonoBleedingEdge/etc'
Using monoOptions --debugger-agent=transport=dt_socket,embedding=1,server=y,suspend=n,address=127.0.0.1:56068
Begin MonoManager ReloadAssembly
Registering precompiled unity dll's ...
Register platform support module: C:/Program Files/Unity/Hub/Editor/2020.3.27f1/Editor/Data/PlaybackEngines/WindowsStandaloneSupport/UnityEditor.WindowsStandalone.Extensions.dll
Registered in 0.005142 seconds.
Native extension for WindowsStandalone target not found
Refreshing native plugins compatible for Editor in 124.53 ms, found 3 plugins.
Preloading 0 native plugins for Editor in 0.00 ms.
Mono: successfully reloaded assembly
- Completed reload, in  1.601 seconds
Domain Reload Profiling:
	ReloadAssembly (1602ms)
		BeginReloadAssembly (173ms)
			ExecutionOrderSort (0ms)
			DisableScriptedObjects (0ms)
			BackupInstance (0ms)
			ReleaseScriptingObjects (0ms)
			CreateAndSetChildDomain (2ms)
		EndReloadAssembly (1225ms)
			LoadAssemblies (167ms)
			RebuildTransferFunctionScriptingTraits (0ms)
			SetupTypeCache (402ms)
			ReleaseScriptCaches (0ms)
			RebuildScriptCaches (97ms)
			SetupLoadedEditorAssemblies (474ms)
				LogAssemblyErrors (0ms)
				InitializePlatformSupportModulesInManaged (13ms)
				SetLoadedEditorAssemblies (1ms)
				RefreshPlugins (125ms)
				BeforeProcessingInitializeOnLoad (34ms)
				ProcessInitializeOnLoadAttributes (226ms)
				ProcessInitializeOnLoadMethodAttributes (76ms)
				AfterProcessingInitializeOnLoad (0ms)
				EditorAssembliesLoaded (1ms)
			ExecutionOrderSort2 (0ms)
			AwakeInstancesAfterBackupRestoration (0ms)
Platform modules already initialized, skipping
Registering precompiled user dll's ...
Registered in 0.013116 seconds.
Begin MonoManager ReloadAssembly
Native extension for WindowsStandalone target not found
Refreshing native plugins compatible for Editor in 122.40 ms, found 3 plugins.
Preloading 0 native plugins for Editor in 0.00 ms.
Mono: successfully reloaded assembly
- Completed reload, in  3.190 seconds
Domain Reload Profiling:
	ReloadAssembly (3200ms)
		BeginReloadAssembly (397ms)
			ExecutionOrderSort (0ms)
			DisableScriptedObjects (14ms)
			BackupInstance (0ms)
			ReleaseScriptingObjects (0ms)
			CreateAndSetChildDomain (48ms)
		EndReloadAssembly (2620ms)
			LoadAssemblies (261ms)
			RebuildTransferFunctionScriptingTraits (0ms)
			SetupTypeCache (770ms)
			ReleaseScriptCaches (1ms)
			RebuildScriptCaches (160ms)
			SetupLoadedEditorAssemblies (1108ms)
				LogAssemblyErrors (0ms)
				InitializePlatformSupportModulesInManaged (11ms)
				SetLoadedEditorAssemblies (1ms)
				RefreshPlugins (123ms)
				BeforeProcessingInitializeOnLoad (226ms)
				ProcessInitializeOnLoadAttributes (681ms)
				ProcessInitializeOnLoadMethodAttributes (47ms)
				AfterProcessingInitializeOnLoad (18ms)
				EditorAssembliesLoaded (0ms)
			ExecutionOrderSort2 (0ms)
			AwakeInstancesAfterBackupRestoration (20ms)
Platform modules already initialized, skipping
========================================================================
Worker process is ready to serve import requests
Launched and connected shader compiler UnityShaderCompiler.exe after 0.19 seconds
Refreshing native plugins compatible for Editor in 1.07 ms, found 3 plugins.
Preloading 0 native plugins for Editor in 0.00 ms.
Unloading 2233 Unused Serialized files (Serialized files now loaded: 0)
System memory in use before: 96.8 MB.
System memory in use after: 96.9 MB.

Unloading 28 unused Assets to reduce memory usage. Loaded Objects now: 2668.
Total: 7.121200 ms (FindLiveObjects: 0.316500 ms CreateObjectMapping: 0.112200 ms MarkObjects: 6.550600 ms  DeleteObjects: 0.139300 ms)

AssetImportParameters requested are different than current active one (requested -> active):
  custom:framework-win-MediaFoundation: 216162199b28c13a410421893ffa2e32 -> 
  custom:video-decoder-ogg-theora: a1e56fd34408186e4bbccfd4996cb3dc -> 
  custom:container-muxer-webm: aa71ff27fc2769a1b78a27578f13a17b -> 
  custom:container-demuxer-webm: 4f35f7cbe854078d1ac9338744f61a02 -> 
  custom:container-demuxer-ogg: 62fdf1f143b41e24485cea50d1cbac27 -> 
  custom:video-encoder-webm-vp8: eb34c28f22e8b96e1ab97ce403110664 -> 
  custom:video-decoder-webm-vp8: 9c59270c3fd7afecdb556c50c9e8de78 -> 
  custom:audio-decoder-ogg-vorbis: bf7c407c2cedff20999df2af8eb42d56 -> 
  custom:audio-encoder-webm-vorbis: bf7c407c2cedff20999df2af8eb42d56 -> 
========================================================================
Received Import Request.
  path: Assets/Level/Nivel3/Forest Of Death/images/bloque_39.gif
  artifactKey: Guid(90089a32b7b5a7843987ac7108f69d6e) Importer(815301076,1909f56bfc062723c751e8b465ee728b)
Start importing Assets/Level/Nivel3/Forest Of Death/images/bloque_39.gif using Guid(90089a32b7b5a7843987ac7108f69d6e) Importer(815301076,1909f56bfc062723c751e8b465ee728b)  -> (artifact id: '0e272456ed5ec8efa426cc477e9c64a1') in 0.265289 seconds 
  Import took 0.273056 seconds .

========================================================================
Received Import Request.
  Time since last request: 0.000430 seconds.
  path: Assets/Level/Nivel3/Forest Of Death/images/bloque_29.gif
  artifactKey: Guid(95955c6bfa946c64eb3373333085cbb1) Importer(815301076,1909f56bfc062723c751e8b465ee728b)
Start importing Assets/Level/Nivel3/Forest Of Death/images/bloque_29.gif using Guid(95955c6bfa946c64eb3373333085cbb1) Importer(815301076,1909f56bfc062723c751e8b465ee728b)  -> (artifact id: 'fb2252991905825b2dd54cecc6a62720') in 0.038017 seconds 
  Import took 0.046076 seconds .

========================================================================
Received Import Request.
  Time since last request: 0.000403 seconds.
  path: Assets/Level/Nivel3/Forest Of Death/images/bloque_52.gif
  artifactKey: Guid(82743b5bc29f6204aa4eca834fb431ab) Importer(815301076,1909f56bfc062723c751e8b465ee728b)
Start importing Assets/Level/Nivel3/Forest Of Death/images/bloque_52.gif using Guid(82743b5bc29f6204aa4eca834fb431ab) Importer(815301076,1909f56bfc062723c751e8b465ee728b)  -> (artifact id: 'c34889b4a1c9545ee7632eb97c18ee3d') in 0.041863 seconds 
  Import took 0.051193 seconds .

========================================================================
Received Import Request.
  Time since last request: 0.000421 seconds.
  path: Assets/Level/Nivel3/Forest Of Death/images/bloque_45.gif
  artifactKey: Guid(6c74921dc926d104ea5ad2e2d8a2cf65) Importer(815301076,1909f56bfc062723c751e8b465ee728b)
Start importing Assets/Level/Nivel3/Forest Of Death/images/bloque_45.gif using Guid(6c74921dc926d104ea5ad2e2d8a2cf65) Importer(815301076,1909f56bfc062723c751e8b465ee728b)  -> (artifact id: 'cc7ce6ebf091767c0c7b87031f9fc57b') in 0.036651 seconds 
  Import took 0.045448 seconds .

========================================================================
Received Import Request.
  Time since last request: 0.000486 seconds.
  path: Assets/Level/Nivel3/Forest Of Death/images/bloque_34.gif
  artifactKey: Guid(d336aaad4af52d540b9f356475f74bb7) Importer(815301076,1909f56bfc062723c751e8b465ee728b)
Start importing Assets/Level/Nivel3/Forest Of Death/images/bloque_34.gif using Guid(d336aaad4af52d540b9f356475f74bb7) Importer(815301076,1909f56bfc062723c751e8b465ee728b)  -> (artifact id: '0b32bcfb5351c62b0b22155632ff123f') in 0.035619 seconds 
  Import took 0.043389 seconds .

========================================================================
Received Import Request.
  Time since last request: 0.000403 seconds.
  path: Assets/Level/Nivel3/Forest Of Death/images/bloque_69.gif
  artifactKey: Guid(314903f3ac7ce36419c450bedbf22903) Importer(815301076,1909f56bfc062723c751e8b465ee728b)
Start importing Assets/Level/Nivel3/Forest Of Death/images/bloque_69.gif using Guid(314903f3ac7ce36419c450bedbf22903) Importer(815301076,1909f56bfc062723c751e8b465ee728b)  -> (artifact id: '7280c019f40c82fb7aff57e37d178aae') in 0.040122 seconds 
  Import took 0.049341 seconds .

========================================================================
Received Import Request.
  Time since last request: 0.000371 seconds.
  path: Assets/Level/Nivel3/Forest Of Death/images/bloque_55.gif
  artifactKey: Guid(782531b873e034c4bb1326824193cd46) Importer(815301076,1909f56bfc062723c751e8b465ee728b)
Start importing Assets/Level/Nivel3/Forest Of Death/images/bloque_55.gif using Guid(782531b873e034c4bb1326824193cd46) Importer(815301076,1909f56bfc062723c751e8b465ee728b)  -> (artifact id: '828c4646d5089298119a6ed42d5838c4') in 0.038728 seconds 
  Import took 0.046837 seconds .

========================================================================
Received Import Request.
  Time since last request: 0.000334 seconds.
  path: Assets/Level/Nivel3/Forest Of Death/images/bloque_32.gif
  artifactKey: Guid(66f0f2e744cbbaa46b52bd1b24f65f3e) Importer(815301076,1909f56bfc062723c751e8b465ee728b)
Start importing Assets/Level/Nivel3/Forest Of Death/images/bloque_32.gif using Guid(66f0f2e744cbbaa46b52bd1b24f65f3e) Importer(815301076,1909f56bfc062723c751e8b465ee728b)  -> (artifact id: 'aa1a4c2385034254c5e887b5a07e3130') in 0.038029 seconds 
  Import took 0.045657 seconds .

========================================================================
Received Import Request.
  Time since last request: 0.000405 seconds.
  path: Assets/Level/Nivel3/Forest Of Death/images/bloque_46.gif
  artifactKey: Guid(49aa56af96130654993598b25e6f9d3c) Importer(815301076,1909f56bfc062723c751e8b465ee728b)
Start importing Assets/Level/Nivel3/Forest Of Death/images/bloque_46.gif using Guid(49aa56af96130654993598b25e6f9d3c) Importer(815301076,1909f56bfc062723c751e8b465ee728b)  -> (artifact id: 'bdb5e5ec5425aa9d45b24de1058696b2') in 0.036734 seconds 
  Import took 0.043800 seconds .

========================================================================
Received Import Request.
  Time since last request: 0.000441 seconds.
  path: Assets/Level/Nivel3/Forest Of Death/images/bloque_70.gif
  artifactKey: Guid(0e1b1ad4aad4a20419c21a6f4df52001) Importer(815301076,1909f56bfc062723c751e8b465ee728b)
Start importing Assets/Level/Nivel3/Forest Of Death/images/bloque_70.gif using Guid(0e1b1ad4aad4a20419c21a6f4df52001) Importer(815301076,1909f56bfc062723c751e8b465ee728b)  -> (artifact id: '70f7ee99c2082c8d721ac6b7d5229f47') in 0.040574 seconds 
  Import took 0.048405 seconds .

========================================================================
Received Import Request.
  Time since last request: 0.000413 seconds.
  path: Assets/Level/Nivel3/Forest Of Death/images/bloque_44.gif
  artifactKey: Guid(0b3d70cca5b41394a861f6c0ee58a02d) Importer(815301076,1909f56bfc062723c751e8b465ee728b)
Start importing Assets/Level/Nivel3/Forest Of Death/images/bloque_44.gif using Guid(0b3d70cca5b41394a861f6c0ee58a02d) Importer(815301076,1909f56bfc062723c751e8b465ee728b)  -> (artifact id: '89da75385a63fced8f380daca6aa5148') in 0.037498 seconds 
  Import took 0.045240 seconds .

========================================================================
Received Import Request.
  Time since last request: 0.000353 seconds.
  path: Assets/Level/Nivel3/Forest Of Death/images/bloque_40.gif
  artifactKey: Guid(1ecf655164169594cb5a99294ef43cfd) Importer(815301076,1909f56bfc062723c751e8b465ee728b)
Start importing Assets/Level/Nivel3/Forest Of Death/images/bloque_40.gif using Guid(1ecf655164169594cb5a99294ef43cfd) Importer(815301076,1909f56bfc062723c751e8b465ee728b)  -> (artifact id: '4eeff8709b5ec8cad7bd7ccbf59ff15f') in 0.038861 seconds 
  Import took 0.046901 seconds .

========================================================================
Received Import Request.
  Time since last request: 0.000421 seconds.
  path: Assets/Level/Nivel3/Forest Of Death/images/bloque_53.gif
  artifactKey: Guid(ebb4d8a8fe507004f9e85e236cef13a4) Importer(815301076,1909f56bfc062723c751e8b465ee728b)
Start importing Assets/Level/Nivel3/Forest Of Death/images/bloque_53.gif using Guid(ebb4d8a8fe507004f9e85e236cef13a4) Importer(815301076,1909f56bfc062723c751e8b465ee728b)  -> (artifact id: '99970d09602b3a3ae915b94abdfccc7e') in 0.037498 seconds 
  Import took 0.045477 seconds .

========================================================================
Received Import Request.
  Time since last request: 0.000341 seconds.
  path: Assets/Level/Nivel3/Forest Of Death/images/bloque_31.gif
  artifactKey: Guid(873494992a1ed724e8b4d5ac148d1905) Importer(815301076,1909f56bfc062723c751e8b465ee728b)
Start importing Assets/Level/Nivel3/Forest Of Death/images/bloque_31.gif using Guid(873494992a1ed724e8b4d5ac148d1905) Importer(815301076,1909f56bfc062723c751e8b465ee728b)  -> (artifact id: 'd6cd12551b03714c5854a747fc1bb785') in 0.036759 seconds 
  Import took 0.044644 seconds .

========================================================================
Received Import Request.
  Time since last request: 0.000338 seconds.
  path: Assets/Level/Nivel3/Forest Of Death/images/bloque_36.gif
  artifactKey: Guid(2c13b27e06c86224aa321d312cb3df3e) Importer(815301076,1909f56bfc062723c751e8b465ee728b)
Start importing Assets/Level/Nivel3/Forest Of Death/images/bloque_36.gif using Guid(2c13b27e06c86224aa321d312cb3df3e) Importer(815301076,1909f56bfc062723c751e8b465ee728b)  -> (artifact id: '628fab64575f6d93dee3d754e54ffaff') in 0.036673 seconds 
  Import took 0.045026 seconds .

========================================================================
Received Import Request.
  Time since last request: 0.000395 seconds.
  path: Assets/Level/Nivel3/Forest Of Death/images/bloque_37.gif
  artifactKey: Guid(010fd806ef560b94782a015e58e1bf99) Importer(815301076,1909f56bfc062723c751e8b465ee728b)
Start importing Assets/Level/Nivel3/Forest Of Death/images/bloque_37.gif using Guid(010fd806ef560b94782a015e58e1bf99) Importer(815301076,1909f56bfc062723c751e8b465ee728b)  -> (artifact id: '8f5f70cb9fac818a888afe1f0cbe06b2') in 0.036601 seconds 
  Import took 0.044561 seconds .

========================================================================
Received Import Request.
  Time since last request: 0.000360 seconds.
  path: Assets/Level/Nivel3/Forest Of Death/images/bloque_49.gif
  artifactKey: Guid(43a40e0025e300547885b711f9164242) Importer(815301076,1909f56bfc062723c751e8b465ee728b)
Start importing Assets/Level/Nivel3/Forest Of Death/images/bloque_49.gif using Guid(43a40e0025e300547885b711f9164242) Importer(815301076,1909f56bfc062723c751e8b465ee728b)  -> (artifact id: '2117dcbed908cd05a3854ad0c0f17c61') in 0.037079 seconds 
  Import took 0.044223 seconds .

========================================================================
Received Import Request.
  Time since last request: 0.000348 seconds.
  path: Assets/Level/Nivel3/Forest Of Death/images/bloque_41.gif
  artifactKey: Guid(5bbc5ef36595d9446b63faf623330398) Importer(815301076,1909f56bfc062723c751e8b465ee728b)
Start importing Assets/Level/Nivel3/Forest Of Death/images/bloque_41.gif using Guid(5bbc5ef36595d9446b63faf623330398) Importer(815301076,1909f56bfc062723c751e8b465ee728b)  -> (artifact id: '5643f7df1ccdd29beb4484e321aeb4f4') in 0.042419 seconds 
  Import took 0.050268 seconds .

========================================================================
Received Import Request.
  Time since last request: 0.000399 seconds.
  path: Assets/Level/Nivel3/Forest Of Death/images/bloque_33.gif
  artifactKey: Guid(1e44c09986ffd09428777958df765b43) Importer(815301076,1909f56bfc062723c751e8b465ee728b)
Start importing Assets/Level/Nivel3/Forest Of Death/images/bloque_33.gif using Guid(1e44c09986ffd09428777958df765b43) Importer(815301076,1909f56bfc062723c751e8b465ee728b)  -> (artifact id: 'c4cf7115f88a6a860644a61ede0aeb7f') in 0.037667 seconds 
  Import took 0.044695 seconds .

========================================================================
Received Import Request.
  Time since last request: 0.000415 seconds.
  path: Assets/Level/Nivel3/Forest Of Death/images/bloque_47.gif
  artifactKey: Guid(2e28baa4b3bd287439dc1e4afa30b08e) Importer(815301076,1909f56bfc062723c751e8b465ee728b)
Start importing Assets/Level/Nivel3/Forest Of Death/images/bloque_47.gif using Guid(2e28baa4b3bd287439dc1e4afa30b08e) Importer(815301076,1909f56bfc062723c751e8b465ee728b)  -> (artifact id: 'c0d563955dd71188c06afbeff73be111') in 0.036121 seconds 
  Import took 0.045750 seconds .

========================================================================
Received Import Request.
  Time since last request: 0.000355 seconds.
  path: Assets/Level/Nivel3/Forest Of Death/images/bloque_66.gif
  artifactKey: Guid(378bb1c8cbdc8684b988e35eaf1e9a3e) Importer(815301076,1909f56bfc062723c751e8b465ee728b)
Start importing Assets/Level/Nivel3/Forest Of Death/images/bloque_66.gif using Guid(378bb1c8cbdc8684b988e35eaf1e9a3e) Importer(815301076,1909f56bfc062723c751e8b465ee728b)  -> (artifact id: 'a9c6db2861fbbb277c527589a49d11d4') in 0.040590 seconds 
  Import took 0.047393 seconds .

========================================================================
Received Import Request.
  Time since last request: 0.000344 seconds.
  path: Assets/Level/Nivel3/Forest Of Death/images/bloque_42.gif
  artifactKey: Guid(9dc4890b0c9610b42b4247b0e2eddcb8) Importer(815301076,1909f56bfc062723c751e8b465ee728b)
Start importing Assets/Level/Nivel3/Forest Of Death/images/bloque_42.gif using Guid(9dc4890b0c9610b42b4247b0e2eddcb8) Importer(815301076,1909f56bfc062723c751e8b465ee728b)  -> (artifact id: 'b7362fe91774248d42d36133439b2aeb') in 0.040783 seconds 
  Import took 0.047940 seconds .

========================================================================
Received Import Request.
  Time since last request: 0.000399 seconds.
  path: Assets/Level/Nivel3/Forest Of Death/images/bloque_30.gif
  artifactKey: Guid(ed6db1bddac28714fbc4c7734f159d68) Importer(815301076,1909f56bfc062723c751e8b465ee728b)
Start importing Assets/Level/Nivel3/Forest Of Death/images/bloque_30.gif using Guid(ed6db1bddac28714fbc4c7734f159d68) Importer(815301076,1909f56bfc062723c751e8b465ee728b)  -> (artifact id: 'f6ad57061f497d59ae653e1af0e7cf2d') in 0.037995 seconds 
  Import took 0.045698 seconds .

========================================================================
Received Import Request.
  Time since last request: 0.000362 seconds.
  path: Assets/Level/Nivel3/Forest Of Death/images/bloque_50.gif
  artifactKey: Guid(05dcccf59daeb634ba7d113f042b65d0) Importer(815301076,1909f56bfc062723c751e8b465ee728b)
Start importing Assets/Level/Nivel3/Forest Of Death/images/bloque_50.gif using Guid(05dcccf59daeb634ba7d113f042b65d0) Importer(815301076,1909f56bfc062723c751e8b465ee728b)  -> (artifact id: '094d3dcf38dea130609563d936d71921') in 0.038025 seconds 
  Import took 0.045836 seconds .

========================================================================
Received Import Request.
  Time since last request: 0.000369 seconds.
  path: Assets/Level/Nivel3/Forest Of Death/images/bloque_65.gif
  artifactKey: Guid(69ed2f67fe69e5d49a621ca8473009b3) Importer(815301076,1909f56bfc062723c751e8b465ee728b)
Start importing Assets/Level/Nivel3/Forest Of Death/images/bloque_65.gif using Guid(69ed2f67fe69e5d49a621ca8473009b3) Importer(815301076,1909f56bfc062723c751e8b465ee728b)  -> (artifact id: '2671cf5abe653aae7dda39f4d0603d30') in 0.038436 seconds 
  Import took 0.046212 seconds .

========================================================================
Received Import Request.
  Time since last request: 0.000512 seconds.
  path: Assets/Level/Nivel3/Forest Of Death/images/bloque_68.gif
  artifactKey: Guid(c6caf6c574224874e9da29147126ff02) Importer(815301076,1909f56bfc062723c751e8b465ee728b)
Start importing Assets/Level/Nivel3/Forest Of Death/images/bloque_68.gif using Guid(c6caf6c574224874e9da29147126ff02) Importer(815301076,1909f56bfc062723c751e8b465ee728b)  -> (artifact id: '9d4dc58826d7aae92fedc673b59fa8f8') in 0.038418 seconds 
  Import took 0.046483 seconds .

========================================================================
Received Import Request.
  Time since last request: 0.000370 seconds.
  path: Assets/Level/Nivel3/Forest Of Death/images/bloque_65.asset
  artifactKey: Guid(95627f9f96677ac46a79d0ec086537d2) Importer(815301076,1909f56bfc062723c751e8b465ee728b)
Start importing Assets/Level/Nivel3/Forest Of Death/images/bloque_65.asset using Guid(95627f9f96677ac46a79d0ec086537d2) Importer(815301076,1909f56bfc062723c751e8b465ee728b)  -> (artifact id: 'b4b584c7b6c4bb50562b662adbe47f37') in 0.052923 seconds 
  Import took 0.060861 seconds .

========================================================================
Received Import Request.
  Time since last request: 0.000374 seconds.
  path: Assets/Level/Nivel3/Forest Of Death/images/bloque_67.asset
  artifactKey: Guid(b3562d8ba73f32e4b9d2f5dc176ec8d1) Importer(815301076,1909f56bfc062723c751e8b465ee728b)
Start importing Assets/Level/Nivel3/Forest Of Death/images/bloque_67.asset using Guid(b3562d8ba73f32e4b9d2f5dc176ec8d1) Importer(815301076,1909f56bfc062723c751e8b465ee728b)  -> (artifact id: '8616cee66fa6abdf49d5acb689977e8f') in 0.042204 seconds 
  Import took 0.049380 seconds .

========================================================================
Received Import Request.
  Time since last request: 0.000357 seconds.
  path: Assets/Level/Nivel3/Forest Of Death/images/bloque_43.gif
  artifactKey: Guid(cd6572edf03c98a48b786bd2a1800896) Importer(815301076,1909f56bfc062723c751e8b465ee728b)
Start importing Assets/Level/Nivel3/Forest Of Death/images/bloque_43.gif using Guid(cd6572edf03c98a48b786bd2a1800896) Importer(815301076,1909f56bfc062723c751e8b465ee728b)  -> (artifact id: 'bfb0118cac752aa4f02686ccb709731b') in 0.039113 seconds 
  Import took 0.046429 seconds .

========================================================================
Received Import Request.
  Time since last request: 0.000380 seconds.
  path: Assets/Level/Nivel3/Forest Of Death/images/bloque_54.gif
  artifactKey: Guid(51384b080ec22e345860452e4dcca5db) Importer(815301076,1909f56bfc062723c751e8b465ee728b)
Start importing Assets/Level/Nivel3/Forest Of Death/images/bloque_54.gif using Guid(51384b080ec22e345860452e4dcca5db) Importer(815301076,1909f56bfc062723c751e8b465ee728b)  -> (artifact id: 'b826dfe75802da7ecfceb00014e9b7fb') in 0.040734 seconds 
  Import took 0.049863 seconds .

========================================================================
Received Import Request.
  Time since last request: 0.000397 seconds.
  path: Assets/Level/Nivel3/Forest Of Death/images/bloque_35.gif
  artifactKey: Guid(42a8b04ab2cf14548a0b6ccf9b9b3d6a) Importer(815301076,1909f56bfc062723c751e8b465ee728b)
Start importing Assets/Level/Nivel3/Forest Of Death/images/bloque_35.gif using Guid(42a8b04ab2cf14548a0b6ccf9b9b3d6a) Importer(815301076,1909f56bfc062723c751e8b465ee728b)  -> (artifact id: 'b02a6bde6fd824df41f35918f10784d2') in 0.036662 seconds 
  Import took 0.043597 seconds .

========================================================================
Received Import Request.
  Time since last request: 0.000508 seconds.
  path: Assets/Level/Nivel3/Forest Of Death/images/bloque_38.gif
  artifactKey: Guid(5a8765463d54b124bb481083803c2fd1) Importer(815301076,1909f56bfc062723c751e8b465ee728b)
Start importing Assets/Level/Nivel3/Forest Of Death/images/bloque_38.gif using Guid(5a8765463d54b124bb481083803c2fd1) Importer(815301076,1909f56bfc062723c751e8b465ee728b)  -> (artifact id: '0e53fa24a8b451e4dfa2ec42ff6f84cc') in 0.041578 seconds 
  Import took 0.049135 seconds .

========================================================================
Received Import Request.
  Time since last request: 0.000352 seconds.
  path: Assets/Level/Nivel3/Forest Of Death/images/bloque_48.gif
  artifactKey: Guid(4a85caceb38b1ac4aad4fa5b55d9bc77) Importer(815301076,1909f56bfc062723c751e8b465ee728b)
Start importing Assets/Level/Nivel3/Forest Of Death/images/bloque_48.gif using Guid(4a85caceb38b1ac4aad4fa5b55d9bc77) Importer(815301076,1909f56bfc062723c751e8b465ee728b)  -> (artifact id: 'd724a54dea55d9f9aacb8f1cd5acdb3c') in 0.036580 seconds 
  Import took 0.044226 seconds .

========================================================================
Received Import Request.
  Time since last request: 0.000377 seconds.
  path: Assets/Level/Nivel3/Forest Of Death/images/bloque_67.gif
  artifactKey: Guid(8385c2399919d794485d9dab5eff8b08) Importer(815301076,1909f56bfc062723c751e8b465ee728b)
Start importing Assets/Level/Nivel3/Forest Of Death/images/bloque_67.gif using Guid(8385c2399919d794485d9dab5eff8b08) Importer(815301076,1909f56bfc062723c751e8b465ee728b)  -> (artifact id: '663873347ff16ce4a7ab700657238a09') in 0.027786 seconds 
  Import took 0.035884 seconds .

========================================================================
Received Import Request.
  Time since last request: 0.000352 seconds.
  path: Assets/Level/Nivel3/Forest Of Death/images/bloque_51.gif
  artifactKey: Guid(054677cedd6e12c48842996862c13ea8) Importer(815301076,1909f56bfc062723c751e8b465ee728b)
Start importing Assets/Level/Nivel3/Forest Of Death/images/bloque_51.gif using Guid(054677cedd6e12c48842996862c13ea8) Importer(815301076,1909f56bfc062723c751e8b465ee728b)  -> (artifact id: 'bcaf9b3731074fd48c9526ef27434f57') in 0.037457 seconds 
  Import took 0.044928 seconds .

========================================================================
Received Import Request.
  Time since last request: 18.979054 seconds.
  path: Assets/Level/Nivel3/Forest Of Death/images/bloque_65.gif
  artifactKey: Guid(69ed2f67fe69e5d49a621ca8473009b3) Importer(815301076,1909f56bfc062723c751e8b465ee728b)
Start importing Assets/Level/Nivel3/Forest Of Death/images/bloque_65.gif using Guid(69ed2f67fe69e5d49a621ca8473009b3) Importer(815301076,1909f56bfc062723c751e8b465ee728b)  -> (artifact id: 'c30e619a2ee47ea811824446378c01ea') in 0.025324 seconds 
  Import took 0.033437 seconds .

========================================================================
Received Import Request.
  Time since last request: 8.679048 seconds.
  path: Assets/Level/Nivel3/Forest Of Death/images/bloque_65.gif
  artifactKey: Guid(69ed2f67fe69e5d49a621ca8473009b3) Importer(815301076,1909f56bfc062723c751e8b465ee728b)
Start importing Assets/Level/Nivel3/Forest Of Death/images/bloque_65.gif using Guid(69ed2f67fe69e5d49a621ca8473009b3) Importer(815301076,1909f56bfc062723c751e8b465ee728b)  -> (artifact id: '5dd08a2c7c228f508e5f3168e810a094') in 0.024920 seconds 
  Import took 0.032295 seconds .

========================================================================
Received Import Request.
  Time since last request: 39.451952 seconds.
  path: Assets/Level/Nivel3/Forest Of Death/images/bloque_65.gif
  artifactKey: Guid(69ed2f67fe69e5d49a621ca8473009b3) Importer(815301076,1909f56bfc062723c751e8b465ee728b)
Start importing Assets/Level/Nivel3/Forest Of Death/images/bloque_65.gif using Guid(69ed2f67fe69e5d49a621ca8473009b3) Importer(815301076,1909f56bfc062723c751e8b465ee728b)  -> (artifact id: '460a0466e8ff9c2b65b5dafd7c354c44') in 0.025219 seconds 
  Import took 0.032598 seconds .

========================================================================
Received Prepare
Registering precompiled user dll's ...
Registered in 0.011997 seconds.
Begin MonoManager ReloadAssembly
Native extension for WindowsStandalone target not found
Refreshing native plugins compatible for Editor in 1.50 ms, found 3 plugins.
Preloading 0 native plugins for Editor in 0.00 ms.
Mono: successfully reloaded assembly
- Completed reload, in  2.631 seconds
Domain Reload Profiling:
	ReloadAssembly (2632ms)
		BeginReloadAssembly (276ms)
			ExecutionOrderSort (0ms)
			DisableScriptedObjects (17ms)
			BackupInstance (0ms)
			ReleaseScriptingObjects (0ms)
			CreateAndSetChildDomain (79ms)
		EndReloadAssembly (2194ms)
			LoadAssemblies (243ms)
			RebuildTransferFunctionScriptingTraits (0ms)
			SetupTypeCache (751ms)
			ReleaseScriptCaches (2ms)
			RebuildScriptCaches (134ms)
			SetupLoadedEditorAssemblies (817ms)
				LogAssemblyErrors (0ms)
				InitializePlatformSupportModulesInManaged (13ms)
				SetLoadedEditorAssemblies (1ms)
				RefreshPlugins (2ms)
				BeforeProcessingInitializeOnLoad (254ms)
				ProcessInitializeOnLoadAttributes (498ms)
				ProcessInitializeOnLoadMethodAttributes (30ms)
				AfterProcessingInitializeOnLoad (19ms)
				EditorAssembliesLoaded (0ms)
			ExecutionOrderSort2 (0ms)
			AwakeInstancesAfterBackupRestoration (24ms)
Platform modules already initialized, skipping
Refreshing native plugins compatible for Editor in 1.12 ms, found 3 plugins.
Preloading 0 native plugins for Editor in 0.00 ms.
Unloading 2222 Unused Serialized files (Serialized files now loaded: 0)
System memory in use before: 99.3 MB.
System memory in use after: 99.5 MB.

Unloading 17 unused Assets to reduce memory usage. Loaded Objects now: 2680.
Total: 6.606700 ms (FindLiveObjects: 0.335000 ms CreateObjectMapping: 0.127000 ms MarkObjects: 6.108000 ms  DeleteObjects: 0.034100 ms)

AssetImportParameters requested are different than current active one (requested -> active):
  custom:framework-win-MediaFoundation: 216162199b28c13a410421893ffa2e32 -> 
  custom:video-decoder-ogg-theora: a1e56fd34408186e4bbccfd4996cb3dc -> 
  custom:container-muxer-webm: aa71ff27fc2769a1b78a27578f13a17b -> 
  custom:container-demuxer-webm: 4f35f7cbe854078d1ac9338744f61a02 -> 
  custom:container-demuxer-ogg: 62fdf1f143b41e24485cea50d1cbac27 -> 
  custom:video-encoder-webm-vp8: eb34c28f22e8b96e1ab97ce403110664 -> 
  custom:video-decoder-webm-vp8: 9c59270c3fd7afecdb556c50c9e8de78 -> 
  custom:audio-decoder-ogg-vorbis: bf7c407c2cedff20999df2af8eb42d56 -> 
  custom:audio-encoder-webm-vorbis: bf7c407c2cedff20999df2af8eb42d56 -> 
AssetImportWorkerClient::OnTransportError - code=2 error=End of file
